INFO  | 05-04-2024 22:30:19 | server.Server - Server started
INFO  | 05-04-2024 22:30:24 | server.Server - Client connected: /127.0.0.1
INFO  | 05-04-2024 22:30:26 | server.Server - Request accepted: command -> help
INFO  | 05-04-2024 22:30:26 | server.Server - Response sent: status -> OK
INFO  | 05-04-2024 22:30:33 | server.Server - Request accepted: command -> print_field_ascending_total_box_office
INFO  | 05-04-2024 22:30:33 | server.Server - Response sent: status -> OK
INFO  | 05-04-2024 22:30:40 | server.Server - Request accepted: command -> show
INFO  | 05-04-2024 22:30:40 | server.Server - Response sent: status -> OK
INFO  | 05-04-2024 22:30:43 | server.Server - Request accepted: command -> sort
INFO  | 05-04-2024 22:30:43 | server.Server - Response sent: status -> OK
INFO  | 05-04-2024 22:30:45 | server.Server - Request accepted: command -> show
INFO  | 05-04-2024 22:30:45 | server.Server - Response sent: status -> OK
INFO  | 05-04-2024 22:31:14 | server.Server - Request accepted: command -> update_id
INFO  | 05-04-2024 22:31:14 | server.Server - Response sent: status -> OK
INFO  | 05-04-2024 22:31:16 | server.Server - Request accepted: command -> show
INFO  | 05-04-2024 22:31:16 | server.Server - Response sent: status -> OK
INFO  | 05-04-2024 22:33:04 | server.Server - Request accepted: command -> update_id
INFO  | 05-04-2024 22:33:04 | server.Server - Response sent: status -> OK
INFO  | 05-04-2024 22:33:06 | server.Server - Request accepted: command -> show
INFO  | 05-04-2024 22:33:06 | server.Server - Response sent: status -> OK
